0 info it worked if it ends with ok
1 verbose cli [ '/usr/local/Cellar/node/5.9.0/bin/node',
1 verbose cli   '/usr/local/bin/npm',
1 verbose cli   'publish',
1 verbose cli   './' ]
2 info using npm@3.7.3
3 info using node@v5.9.0
4 verbose publish [ './' ]
5 silly cache add args [ './', null ]
6 verbose cache add spec ./
7 silly cache add parsed spec Result {
7 silly cache add   raw: './',
7 silly cache add   scope: null,
7 silly cache add   name: null,
7 silly cache add   rawSpec: './',
7 silly cache add   spec: '/Users/vhuerta/Dev/code/node/express-jsend',
7 silly cache add   type: 'directory' }
8 verbose addLocalDirectory /Users/vhuerta/.npm/express-jsend/0.0.1/package.tgz not in flight; packing
9 verbose correctMkdir /Users/vhuerta/.npm correctMkdir not in flight; initializing
10 info lifecycle express-jsend@0.0.1~prepublish: express-jsend@0.0.1
11 silly lifecycle express-jsend@0.0.1~prepublish: no script for prepublish, continuing
12 verbose tar pack [ '/Users/vhuerta/.npm/express-jsend/0.0.1/package.tgz',
12 verbose tar pack   '/Users/vhuerta/Dev/code/node/express-jsend' ]
13 verbose tarball /Users/vhuerta/.npm/express-jsend/0.0.1/package.tgz
14 verbose folder /Users/vhuerta/Dev/code/node/express-jsend
15 verbose addLocalTarball adding from inside cache /Users/vhuerta/.npm/express-jsend/0.0.1/package.tgz
16 verbose correctMkdir /Users/vhuerta/.npm correctMkdir not in flight; initializing
17 silly cache afterAdd express-jsend@0.0.1
18 verbose afterAdd /Users/vhuerta/.npm/express-jsend/0.0.1/package/package.json not in flight; writing
19 verbose correctMkdir /Users/vhuerta/.npm correctMkdir not in flight; initializing
20 verbose afterAdd /Users/vhuerta/.npm/express-jsend/0.0.1/package/package.json written
21 silly publish { name: 'express-jsend',
21 silly publish   version: '0.0.1',
21 silly publish   description: 'Middleware to send json responses using the JSend standart',
21 silly publish   main: 'index.js',
21 silly publish   scripts: { test: 'echo "Error: no test specified" && exit 1' },
21 silly publish   repository:
21 silly publish    { type: 'git',
21 silly publish      url: 'git+https://github.com/vhuerta/express-jsend.git' },
21 silly publish   keywords: [ 'jsend', 'express', 'json', 'middleware' ],
21 silly publish   author: { name: 'Victor Huerta', email: 'vhuertahnz@gmail.com' },
21 silly publish   license: '(MIT OR Apache-2.0)',
21 silly publish   bugs: { url: 'https://github.com/vhuerta/express-jsend/issues' },
21 silly publish   homepage: 'https://github.com/vhuerta/express-jsend#readme',
21 silly publish   readme: '# express-jsend\nMiddleware to send json responses using the JSend standard\n',
21 silly publish   readmeFilename: 'README.md',
21 silly publish   gitHead: '0a8532feb36b18ede3c102e3e6cca96da87f70b7',
21 silly publish   _id: 'express-jsend@0.0.1',
21 silly publish   _shasum: '18d5b82e9677fe2a41b285c274d54709f5c9f09a',
21 silly publish   _from: '.' }
22 verbose getPublishConfig undefined
23 silly mapToRegistry name express-jsend
24 silly mapToRegistry using default registry
25 silly mapToRegistry registry https://registry.npmjs.org/
26 silly mapToRegistry uri https://registry.npmjs.org/express-jsend
27 verbose publish registryBase https://registry.npmjs.org/
28 silly publish uploading /Users/vhuerta/.npm/express-jsend/0.0.1/package.tgz
29 verbose request uri https://registry.npmjs.org/express-jsend
30 verbose request sending authorization for write operation
31 info attempt registry request try #1 at 12:17:10 AM
32 verbose request using bearer token for auth
33 verbose request id ca98c017b34481cb
34 http request PUT https://registry.npmjs.org/express-jsend
35 http 403 https://registry.npmjs.org/express-jsend
36 verbose headers { 'content-type': 'application/json',
36 verbose headers   'cache-control': 'max-age=300',
36 verbose headers   'content-length': '107',
36 verbose headers   'accept-ranges': 'bytes',
36 verbose headers   date: 'Wed, 25 May 2016 05:17:10 GMT',
36 verbose headers   via: '1.1 varnish',
36 verbose headers   connection: 'keep-alive',
36 verbose headers   'x-served-by': 'cache-ord1722-ORD',
36 verbose headers   'x-cache': 'MISS',
36 verbose headers   'x-cache-hits': '0',
36 verbose headers   'x-timer': 'S1464153430.598244,VS0,VE395',
36 verbose headers   vary: 'Accept-Encoding' }
37 verbose request invalidating /Users/vhuerta/.npm/registry.npmjs.org/express-jsend on PUT
38 error publish Failed PUT 403
39 verbose stack Error: you do not have permission to publish "express-jsend". Are you logged in as the correct user? : express-jsend
39 verbose stack     at makeError (/usr/local/lib/node_modules/npm/node_modules/npm-registry-client/lib/request.js:264:12)
39 verbose stack     at CachingRegistryClient.<anonymous> (/usr/local/lib/node_modules/npm/node_modules/npm-registry-client/lib/request.js:252:14)
39 verbose stack     at Request._callback (/usr/local/lib/node_modules/npm/node_modules/npm-registry-client/lib/request.js:172:14)
39 verbose stack     at Request.self.callback (/usr/local/lib/node_modules/npm/node_modules/request/request.js:199:22)
39 verbose stack     at emitTwo (events.js:100:13)
39 verbose stack     at Request.emit (events.js:185:7)
39 verbose stack     at Request.<anonymous> (/usr/local/lib/node_modules/npm/node_modules/request/request.js:1036:10)
39 verbose stack     at emitOne (events.js:95:20)
39 verbose stack     at Request.emit (events.js:182:7)
39 verbose stack     at IncomingMessage.<anonymous> (/usr/local/lib/node_modules/npm/node_modules/request/request.js:963:12)
40 verbose statusCode 403
41 verbose pkgid express-jsend
42 verbose cwd /Users/vhuerta/Dev/code/node/express-jsend
43 error Darwin 15.4.0
44 error argv "/usr/local/Cellar/node/5.9.0/bin/node" "/usr/local/bin/npm" "publish" "./"
45 error node v5.9.0
46 error npm  v3.7.3
47 error code E403
48 error you do not have permission to publish "express-jsend". Are you logged in as the correct user? : express-jsend
49 error If you need help, you may report this error at:
49 error     <https://github.com/npm/npm/issues>
50 verbose exit [ 1, true ]
